2020-05-07 20:27:18,987 [Worker-5: Loading available Gradle versions] INFO  o.e.b.c.i.u.g.PublishedGradleVersions - Gradle version information cache is up-to-date. Trying to read.
2020-05-07 20:40:02,140 [Worker-17: Creating maven-archetype-webapp] INFO  o.e.m.c.i.p.ProjectConfigurationManager - Collecting project info '/pom.xml' /Users/apple/Desktop/JobRecommendation/JobRecommendation/pom.xml
2020-05-07 20:40:03,380 [Worker-17: Creating maven-archetype-webapp] INFO  o.e.m.c.i.l.LifecycleMappingFactory - Using org.maven.ide.eclipse.wtp.WarLifecycleMapping lifecycle mapping for MavenProject: Simon:JobRecommendation:0.0.1-SNAPSHOT @ /Users/apple/Desktop/JobRecommendation/JobRecommendation/pom.xml.
2020-05-07 20:40:04,859 [Worker-17: Creating maven-archetype-webapp] INFO  o.e.m.j.i.AbstractJavaProjectConfigurator - Adding source folder /JobRecommendation/src/main/java
2020-05-07 20:40:04,860 [Worker-17: Creating maven-archetype-webapp] INFO  o.e.m.j.i.AbstractJavaProjectConfigurator - Adding source folder /JobRecommendation/src/test/java
2020-05-07 20:40:07,432 [Worker-17: Creating maven-archetype-webapp] INFO  o.e.m.c.i.p.ProjectConfigurationManager - Imported and configured 1 project(s) in 5 sec
2020-05-07 20:40:08,139 [Worker-20: Building] INFO  o.e.m.c.i.embedder.EclipseLogger - Using 'UTF-8' encoding to copy filtered resources.
2020-05-07 20:40:08,139 [Worker-20: Building] INFO  o.e.m.c.i.embedder.EclipseLogger - skip non existing resourceDirectory /Users/apple/Desktop/JobRecommendation/JobRecommendation/src/main/resources
2020-05-07 20:40:08,142 [Worker-20: Building] INFO  o.e.m.c.i.embedder.EclipseLogger - Using 'UTF-8' encoding to copy filtered resources.
2020-05-07 20:40:08,143 [Worker-20: Building] INFO  o.e.m.c.i.embedder.EclipseLogger - skip non existing resourceDirectory /Users/apple/Desktop/JobRecommendation/JobRecommendation/src/test/resources
2020-05-07 20:40:08,389 [Worker-12: Building] INFO  o.e.m.c.i.embedder.EclipseLogger - Using 'UTF-8' encoding to copy filtered resources.
2020-05-07 20:40:08,389 [Worker-12: Building] INFO  o.e.m.c.i.embedder.EclipseLogger - skip non existing resourceDirectory /Users/apple/Desktop/JobRecommendation/JobRecommendation/src/main/resources
2020-05-07 20:40:08,391 [Worker-12: Building] INFO  o.e.m.c.i.embedder.EclipseLogger - Using 'UTF-8' encoding to copy filtered resources.
2020-05-07 20:40:08,391 [Worker-12: Building] INFO  o.e.m.c.i.embedder.EclipseLogger - skip non existing resourceDirectory /Users/apple/Desktop/JobRecommendation/JobRecommendation/src/test/resources
2020-05-07 20:40:14,199 [Worker-19: Building] INFO  o.e.m.c.i.embedder.EclipseLogger - Using 'UTF-8' encoding to copy filtered resources.
2020-05-07 20:40:14,199 [Worker-19: Building] INFO  o.e.m.c.i.embedder.EclipseLogger - skip non existing resourceDirectory /Users/apple/Desktop/JobRecommendation/JobRecommendation/src/main/resources
2020-05-07 20:40:14,201 [Worker-19: Building] INFO  o.e.m.c.i.embedder.EclipseLogger - Using 'UTF-8' encoding to copy filtered resources.
2020-05-07 20:40:14,201 [Worker-19: Building] INFO  o.e.m.c.i.embedder.EclipseLogger - skip non existing resourceDirectory /Users/apple/Desktop/JobRecommendation/JobRecommendation/src/test/resources
2020-05-07 20:41:44,553 [Worker-21: Building] INFO  o.e.m.c.i.embedder.EclipseLogger - Using 'UTF-8' encoding to copy filtered resources.
2020-05-07 20:41:44,553 [Worker-21: Building] INFO  o.e.m.c.i.embedder.EclipseLogger - skip non existing resourceDirectory /Users/apple/Desktop/JobRecommendation/JobRecommendation/src/main/resources
2020-05-07 20:41:44,554 [Worker-21: Building] INFO  o.e.m.c.i.embedder.EclipseLogger - Using 'UTF-8' encoding to copy filtered resources.
2020-05-07 20:41:44,555 [Worker-21: Building] INFO  o.e.m.c.i.embedder.EclipseLogger - skip non existing resourceDirectory /Users/apple/Desktop/JobRecommendation/JobRecommendation/src/test/resources
2020-05-07 20:45:11,975 [Worker-21: Building] INFO  o.e.m.c.i.l.LifecycleMappingFactory - Using org.maven.ide.eclipse.wtp.WarLifecycleMapping lifecycle mapping for MavenProject: Simon:JobRecommendation:0.0.1-SNAPSHOT @ /Users/apple/Desktop/JobRecommendation/JobRecommendation/pom.xml.
2020-05-07 20:45:13,129 [Worker-21: Building] WARN  o.e.m.c.i.embedder.EclipseLogger - Using platform encoding (UTF-8 actually) to copy filtered resources, i.e. build is platform dependent!
2020-05-07 20:45:13,134 [Worker-21: Building] INFO  o.e.m.c.i.embedder.EclipseLogger - skip non existing resourceDirectory /Users/apple/Desktop/JobRecommendation/JobRecommendation/src/main/resources
2020-05-07 20:45:13,136 [Worker-21: Building] WARN  o.e.m.c.i.embedder.EclipseLogger - Using platform encoding (UTF-8 actually) to copy filtered resources, i.e. build is platform dependent!
2020-05-07 20:45:13,137 [Worker-21: Building] INFO  o.e.m.c.i.embedder.EclipseLogger - skip non existing resourceDirectory /Users/apple/Desktop/JobRecommendation/JobRecommendation/src/test/resources
2020-05-07 20:45:13,138 [Worker-21: Building] INFO  o.e.m.w.i.f.ResourceFilteringBuildParticipant - Changed resources require a complete clean of filtered resources of JobRecommendation
2020-05-07 20:45:13,140 [Worker-21: Building] INFO  o.e.m.w.i.f.ResourceFilteringBuildParticipant - Executing resource filtering for JobRecommendation
2020-05-07 20:45:13,147 [Worker-21: Building] WARN  o.e.m.c.i.embedder.EclipseLogger - Using platform encoding (UTF-8 actually) to copy filtered resources, i.e. build is platform dependent!
2020-05-07 20:45:13,874 [Worker-21: Building] WARN  o.e.m.c.i.embedder.EclipseLogger - Using platform encoding (UTF-8 actually) to copy filtered resources, i.e. build is platform dependent!
2020-05-07 20:45:13,875 [Worker-21: Building] INFO  o.e.m.c.i.embedder.EclipseLogger - skip non existing resourceDirectory /Users/apple/Desktop/JobRecommendation/JobRecommendation/src/main/resources
2020-05-07 20:45:13,877 [Worker-21: Building] WARN  o.e.m.c.i.embedder.EclipseLogger - Using platform encoding (UTF-8 actually) to copy filtered resources, i.e. build is platform dependent!
2020-05-07 20:45:13,878 [Worker-21: Building] INFO  o.e.m.c.i.embedder.EclipseLogger - skip non existing resourceDirectory /Users/apple/Desktop/JobRecommendation/JobRecommendation/src/test/resources
2020-05-07 20:45:35,557 [Worker-26: Launching Executing install in _Users_apple_Desktop_JobRecommendation_JobRecommendation] INFO  o.e.m.i.launch.MavenLaunchDelegate - /Users/apple/Desktop/JobRecommendation/JobRecommendation
2020-05-07 20:45:35,558 [Worker-26: Launching Executing install in _Users_apple_Desktop_JobRecommendation_JobRecommendation] INFO  o.e.m.i.launch.MavenLaunchDelegate -  mvn -B install
2020-05-07 20:45:41,421 [Worker-21: Building] WARN  o.e.m.c.i.embedder.EclipseLogger - Using platform encoding (UTF-8 actually) to copy filtered resources, i.e. build is platform dependent!
2020-05-07 20:45:41,423 [Worker-21: Building] INFO  o.e.m.c.i.embedder.EclipseLogger - skip non existing resourceDirectory /Users/apple/Desktop/JobRecommendation/JobRecommendation/src/main/resources
2020-05-07 20:45:41,424 [Worker-21: Building] WARN  o.e.m.c.i.embedder.EclipseLogger - Using platform encoding (UTF-8 actually) to copy filtered resources, i.e. build is platform dependent!
2020-05-07 20:45:41,425 [Worker-21: Building] INFO  o.e.m.c.i.embedder.EclipseLogger - skip non existing resourceDirectory /Users/apple/Desktop/JobRecommendation/JobRecommendation/src/test/resources
2020-05-07 20:47:46,984 [Worker-7: Building] WARN  o.e.m.c.i.embedder.EclipseLogger - Using platform encoding (UTF-8 actually) to copy filtered resources, i.e. build is platform dependent!
2020-05-07 20:47:46,985 [Worker-7: Building] INFO  o.e.m.c.i.embedder.EclipseLogger - skip non existing resourceDirectory /Users/apple/Desktop/JobRecommendation/JobRecommendation/src/main/resources
2020-05-07 20:47:46,987 [Worker-7: Building] WARN  o.e.m.c.i.embedder.EclipseLogger - Using platform encoding (UTF-8 actually) to copy filtered resources, i.e. build is platform dependent!
2020-05-07 20:47:46,987 [Worker-7: Building] INFO  o.e.m.c.i.embedder.EclipseLogger - skip non existing resourceDirectory /Users/apple/Desktop/JobRecommendation/JobRecommendation/src/test/resources
2020-05-08 20:36:26,412 [Worker-145: Building] WARN  o.e.m.c.i.embedder.EclipseLogger - Using platform encoding (UTF-8 actually) to copy filtered resources, i.e. build is platform dependent!
2020-05-08 20:36:26,422 [Worker-145: Building] INFO  o.e.m.c.i.embedder.EclipseLogger - skip non existing resourceDirectory /Users/apple/Desktop/JobRecommendation/JobRecommendation/src/main/resources
2020-05-08 20:36:26,424 [Worker-145: Building] WARN  o.e.m.c.i.embedder.EclipseLogger - Using platform encoding (UTF-8 actually) to copy filtered resources, i.e. build is platform dependent!
2020-05-08 20:36:26,425 [Worker-145: Building] INFO  o.e.m.c.i.embedder.EclipseLogger - skip non existing resourceDirectory /Users/apple/Desktop/JobRecommendation/JobRecommendation/src/test/resources
2020-05-08 20:36:27,568 [Worker-148: Building] WARN  o.e.m.c.i.embedder.EclipseLogger - Using platform encoding (UTF-8 actually) to copy filtered resources, i.e. build is platform dependent!
2020-05-08 20:36:27,569 [Worker-148: Building] INFO  o.e.m.c.i.embedder.EclipseLogger - skip non existing resourceDirectory /Users/apple/Desktop/JobRecommendation/JobRecommendation/src/main/resources
2020-05-08 20:36:27,570 [Worker-148: Building] WARN  o.e.m.c.i.embedder.EclipseLogger - Using platform encoding (UTF-8 actually) to copy filtered resources, i.e. build is platform dependent!
2020-05-08 20:36:27,571 [Worker-148: Building] INFO  o.e.m.c.i.embedder.EclipseLogger - skip non existing resourceDirectory /Users/apple/Desktop/JobRecommendation/JobRecommendation/src/test/resources
2020-05-08 20:37:18,906 [Worker-150: Building] INFO  o.e.m.c.i.l.LifecycleMappingFactory - Using org.maven.ide.eclipse.wtp.WarLifecycleMapping lifecycle mapping for MavenProject: Simon:JobRecommendation:0.0.1-SNAPSHOT @ /Users/apple/Desktop/JobRecommendation/JobRecommendation/pom.xml.
2020-05-08 20:37:19,810 [Worker-150: Building] WARN  o.e.m.c.i.embedder.EclipseLogger - Using platform encoding (UTF-8 actually) to copy filtered resources, i.e. build is platform dependent!
2020-05-08 20:37:19,811 [Worker-150: Building] INFO  o.e.m.c.i.embedder.EclipseLogger - skip non existing resourceDirectory /Users/apple/Desktop/JobRecommendation/JobRecommendation/src/main/resources
2020-05-08 20:37:19,813 [Worker-150: Building] WARN  o.e.m.c.i.embedder.EclipseLogger - Using platform encoding (UTF-8 actually) to copy filtered resources, i.e. build is platform dependent!
2020-05-08 20:37:19,818 [Worker-150: Building] INFO  o.e.m.c.i.embedder.EclipseLogger - skip non existing resourceDirectory /Users/apple/Desktop/JobRecommendation/JobRecommendation/src/test/resources
2020-05-08 20:37:19,819 [Worker-150: Building] INFO  o.e.m.w.i.f.ResourceFilteringBuildParticipant - Changed resources require a complete clean of filtered resources of JobRecommendation
2020-05-08 20:37:19,819 [Worker-150: Building] INFO  o.e.m.w.i.f.ResourceFilteringBuildParticipant - Executing resource filtering for JobRecommendation
2020-05-08 20:37:19,824 [Worker-150: Building] WARN  o.e.m.c.i.embedder.EclipseLogger - Using platform encoding (UTF-8 actually) to copy filtered resources, i.e. build is platform dependent!
2020-05-08 20:37:53,728 [Worker-147: Building] WARN  o.e.m.c.i.embedder.EclipseLogger - Using platform encoding (UTF-8 actually) to copy filtered resources, i.e. build is platform dependent!
2020-05-08 20:37:53,729 [Worker-147: Building] INFO  o.e.m.c.i.embedder.EclipseLogger - skip non existing resourceDirectory /Users/apple/Desktop/JobRecommendation/JobRecommendation/src/main/resources
2020-05-08 20:37:53,730 [Worker-147: Building] WARN  o.e.m.c.i.embedder.EclipseLogger - Using platform encoding (UTF-8 actually) to copy filtered resources, i.e. build is platform dependent!
2020-05-08 20:37:53,731 [Worker-147: Building] INFO  o.e.m.c.i.embedder.EclipseLogger - skip non existing resourceDirectory /Users/apple/Desktop/JobRecommendation/JobRecommendation/src/test/resources
2020-05-08 20:45:50,687 [Worker-11: Loading available Gradle versions] INFO  o.e.b.c.i.u.g.PublishedGradleVersions - Gradle version information cache is out-of-date. Trying to update.
2020-05-08 20:45:55,264 [Worker-4: Building] INFO  o.e.m.c.i.l.LifecycleMappingFactory - Using org.maven.ide.eclipse.wtp.WarLifecycleMapping lifecycle mapping for MavenProject: Mars:JobRecommendation:0.0.1-SNAPSHOT @ /Users/apple/Desktop/JobRecommendation/JobRecommendation/pom.xml.
2020-05-08 20:45:57,578 [Worker-4: Building] INFO  o.e.m.c.i.embedder.EclipseLogger - Using 'UTF-8' encoding to copy filtered resources.
2020-05-08 20:45:57,578 [Worker-4: Building] INFO  o.e.m.c.i.embedder.EclipseLogger - skip non existing resourceDirectory /Users/apple/Desktop/JobRecommendation/JobRecommendation/src/main/resources
2020-05-08 20:45:57,582 [Worker-4: Building] INFO  o.e.m.c.i.embedder.EclipseLogger - Using 'UTF-8' encoding to copy filtered resources.
2020-05-08 20:45:57,582 [Worker-4: Building] INFO  o.e.m.c.i.embedder.EclipseLogger - skip non existing resourceDirectory /Users/apple/Desktop/JobRecommendation/JobRecommendation/src/test/resources
2020-05-08 20:45:57,587 [Worker-4: Building] INFO  o.e.m.w.i.f.ResourceFilteringBuildParticipant - Changed resources require a complete clean of filtered resources of JobRecommendation
2020-05-08 20:45:57,588 [Worker-4: Building] INFO  o.e.m.w.i.f.ResourceFilteringBuildParticipant - Executing resource filtering for JobRecommendation
2020-05-08 20:45:57,600 [Worker-4: Building] INFO  o.e.m.c.i.embedder.EclipseLogger - Using 'UTF-8' encoding to copy filtered resources.
2020-05-08 20:51:06,387 [Worker-29: Building] INFO  o.e.m.c.i.embedder.EclipseLogger - Using 'UTF-8' encoding to copy filtered resources.
2020-05-08 20:51:06,388 [Worker-29: Building] INFO  o.e.m.c.i.embedder.EclipseLogger - skip non existing resourceDirectory /Users/apple/Desktop/JobRecommendation/JobRecommendation/src/main/resources
2020-05-08 20:51:06,390 [Worker-29: Building] INFO  o.e.m.c.i.embedder.EclipseLogger - Using 'UTF-8' encoding to copy filtered resources.
2020-05-08 20:51:06,390 [Worker-29: Building] INFO  o.e.m.c.i.embedder.EclipseLogger - skip non existing resourceDirectory /Users/apple/Desktop/JobRecommendation/JobRecommendation/src/test/resources
2020-05-08 20:55:36,773 [Worker-32: Building] INFO  o.e.m.c.i.l.LifecycleMappingFactory - Using org.maven.ide.eclipse.wtp.WarLifecycleMapping lifecycle mapping for MavenProject: Mars:JobRecommendation:0.0.1-SNAPSHOT @ /Users/apple/Desktop/JobRecommendation/JobRecommendation/pom.xml.
2020-05-08 20:55:37,513 [Worker-32: Building] INFO  o.e.m.c.i.embedder.EclipseLogger - Using 'UTF-8' encoding to copy filtered resources.
2020-05-08 20:55:37,514 [Worker-32: Building] INFO  o.e.m.c.i.embedder.EclipseLogger - skip non existing resourceDirectory /Users/apple/Desktop/JobRecommendation/JobRecommendation/src/main/resources
2020-05-08 20:55:37,515 [Worker-32: Building] INFO  o.e.m.c.i.embedder.EclipseLogger - Using 'UTF-8' encoding to copy filtered resources.
2020-05-08 20:55:37,515 [Worker-32: Building] INFO  o.e.m.c.i.embedder.EclipseLogger - skip non existing resourceDirectory /Users/apple/Desktop/JobRecommendation/JobRecommendation/src/test/resources
2020-05-08 20:55:37,515 [Worker-32: Building] INFO  o.e.m.w.i.f.ResourceFilteringBuildParticipant - Changed resources require a complete clean of filtered resources of JobRecommendation
2020-05-08 20:55:37,516 [Worker-32: Building] INFO  o.e.m.w.i.f.ResourceFilteringBuildParticipant - Executing resource filtering for JobRecommendation
2020-05-08 20:55:37,519 [Worker-32: Building] INFO  o.e.m.c.i.embedder.EclipseLogger - Using 'UTF-8' encoding to copy filtered resources.
2020-05-08 20:55:38,793 [Worker-32: Building] INFO  o.e.m.c.i.embedder.EclipseLogger - Using 'UTF-8' encoding to copy filtered resources.
2020-05-08 20:55:38,793 [Worker-32: Building] INFO  o.e.m.c.i.embedder.EclipseLogger - skip non existing resourceDirectory /Users/apple/Desktop/JobRecommendation/JobRecommendation/src/main/resources
2020-05-08 20:55:38,800 [Worker-32: Building] INFO  o.e.m.c.i.embedder.EclipseLogger - Using 'UTF-8' encoding to copy filtered resources.
2020-05-08 20:55:38,800 [Worker-32: Building] INFO  o.e.m.c.i.embedder.EclipseLogger - skip non existing resourceDirectory /Users/apple/Desktop/JobRecommendation/JobRecommendation/src/test/resources
2020-05-08 20:55:48,382 [Worker-32: Launching Executing install in _Users_apple_Desktop_JobRecommendation_JobRecommendation] INFO  o.e.m.i.launch.MavenLaunchDelegate - /Users/apple/Desktop/JobRecommendation/JobRecommendation
2020-05-08 20:55:48,383 [Worker-32: Launching Executing install in _Users_apple_Desktop_JobRecommendation_JobRecommendation] INFO  o.e.m.i.launch.MavenLaunchDelegate -  mvn -B install
2020-05-08 20:55:54,809 [Worker-32: Building] INFO  o.e.m.c.i.embedder.EclipseLogger - Using 'UTF-8' encoding to copy filtered resources.
2020-05-08 20:55:54,810 [Worker-32: Building] INFO  o.e.m.c.i.embedder.EclipseLogger - skip non existing resourceDirectory /Users/apple/Desktop/JobRecommendation/JobRecommendation/src/main/resources
2020-05-08 20:55:54,811 [Worker-32: Building] INFO  o.e.m.c.i.embedder.EclipseLogger - Using 'UTF-8' encoding to copy filtered resources.
2020-05-08 20:55:54,812 [Worker-32: Building] INFO  o.e.m.c.i.embedder.EclipseLogger - skip non existing resourceDirectory /Users/apple/Desktop/JobRecommendation/JobRecommendation/src/test/resources
2020-05-08 21:05:57,603 [Worker-29: Building] INFO  o.e.m.c.i.embedder.EclipseLogger - Using 'UTF-8' encoding to copy filtered resources.
2020-05-08 21:05:57,604 [Worker-29: Building] INFO  o.e.m.c.i.embedder.EclipseLogger - skip non existing resourceDirectory /Users/apple/Desktop/JobRecommendation/JobRecommendation/src/main/resources
2020-05-08 21:05:57,606 [Worker-29: Building] INFO  o.e.m.c.i.embedder.EclipseLogger - Using 'UTF-8' encoding to copy filtered resources.
2020-05-08 21:05:57,606 [Worker-29: Building] INFO  o.e.m.c.i.embedder.EclipseLogger - skip non existing resourceDirectory /Users/apple/Desktop/JobRecommendation/JobRecommendation/src/test/resources
2020-05-08 21:11:37,921 [Worker-38: Building] INFO  o.e.m.c.i.embedder.EclipseLogger - Using 'UTF-8' encoding to copy filtered resources.
2020-05-08 21:11:37,922 [Worker-38: Building] INFO  o.e.m.c.i.embedder.EclipseLogger - skip non existing resourceDirectory /Users/apple/Desktop/JobRecommendation/JobRecommendation/src/main/resources
2020-05-08 21:11:37,924 [Worker-38: Building] INFO  o.e.m.c.i.embedder.EclipseLogger - Using 'UTF-8' encoding to copy filtered resources.
2020-05-08 21:11:37,925 [Worker-38: Building] INFO  o.e.m.c.i.embedder.EclipseLogger - skip non existing resourceDirectory /Users/apple/Desktop/JobRecommendation/JobRecommendation/src/test/resources
2020-05-08 21:12:49,773 [Worker-38: Building] INFO  o.e.m.c.i.embedder.EclipseLogger - Using 'UTF-8' encoding to copy filtered resources.
2020-05-08 21:12:49,773 [Worker-38: Building] INFO  o.e.m.c.i.embedder.EclipseLogger - skip non existing resourceDirectory /Users/apple/Desktop/JobRecommendation/JobRecommendation/src/main/resources
2020-05-08 21:12:49,774 [Worker-38: Building] INFO  o.e.m.c.i.embedder.EclipseLogger - Using 'UTF-8' encoding to copy filtered resources.
2020-05-08 21:12:49,775 [Worker-38: Building] INFO  o.e.m.c.i.embedder.EclipseLogger - skip non existing resourceDirectory /Users/apple/Desktop/JobRecommendation/JobRecommendation/src/test/resources
2020-05-08 21:13:06,171 [Worker-41: Building] INFO  o.e.m.c.i.embedder.EclipseLogger - Using 'UTF-8' encoding to copy filtered resources.
2020-05-08 21:13:06,172 [Worker-41: Building] INFO  o.e.m.c.i.embedder.EclipseLogger - skip non existing resourceDirectory /Users/apple/Desktop/JobRecommendation/JobRecommendation/src/main/resources
2020-05-08 21:13:06,174 [Worker-41: Building] INFO  o.e.m.c.i.embedder.EclipseLogger - Using 'UTF-8' encoding to copy filtered resources.
2020-05-08 21:13:06,174 [Worker-41: Building] INFO  o.e.m.c.i.embedder.EclipseLogger - skip non existing resourceDirectory /Users/apple/Desktop/JobRecommendation/JobRecommendation/src/test/resources
2020-05-08 21:20:12,484 [Worker-45: Building] INFO  o.e.m.c.i.embedder.EclipseLogger - Using 'UTF-8' encoding to copy filtered resources.
2020-05-08 21:20:12,485 [Worker-45: Building] INFO  o.e.m.c.i.embedder.EclipseLogger - skip non existing resourceDirectory /Users/apple/Desktop/JobRecommendation/JobRecommendation/src/main/resources
2020-05-08 21:20:12,487 [Worker-45: Building] INFO  o.e.m.c.i.embedder.EclipseLogger - Using 'UTF-8' encoding to copy filtered resources.
2020-05-08 21:20:12,488 [Worker-45: Building] INFO  o.e.m.c.i.embedder.EclipseLogger - skip non existing resourceDirectory /Users/apple/Desktop/JobRecommendation/JobRecommendation/src/test/resources
2020-05-08 21:25:21,293 [Worker-46: Building] INFO  o.e.m.c.i.embedder.EclipseLogger - Using 'UTF-8' encoding to copy filtered resources.
2020-05-08 21:25:21,293 [Worker-46: Building] INFO  o.e.m.c.i.embedder.EclipseLogger - skip non existing resourceDirectory /Users/apple/Desktop/JobRecommendation/JobRecommendation/src/main/resources
2020-05-08 21:25:21,295 [Worker-46: Building] INFO  o.e.m.c.i.embedder.EclipseLogger - Using 'UTF-8' encoding to copy filtered resources.
2020-05-08 21:25:21,295 [Worker-46: Building] INFO  o.e.m.c.i.embedder.EclipseLogger - skip non existing resourceDirectory /Users/apple/Desktop/JobRecommendation/JobRecommendation/src/test/resources
2020-05-08 21:29:18,251 [Worker-51: Building] INFO  o.e.m.c.i.embedder.EclipseLogger - Using 'UTF-8' encoding to copy filtered resources.
2020-05-08 21:29:18,256 [Worker-51: Building] INFO  o.e.m.c.i.embedder.EclipseLogger - skip non existing resourceDirectory /Users/apple/Desktop/JobRecommendation/JobRecommendation/src/main/resources
2020-05-08 21:29:18,260 [Worker-51: Building] INFO  o.e.m.c.i.embedder.EclipseLogger - Using 'UTF-8' encoding to copy filtered resources.
2020-05-08 21:29:18,260 [Worker-51: Building] INFO  o.e.m.c.i.embedder.EclipseLogger - skip non existing resourceDirectory /Users/apple/Desktop/JobRecommendation/JobRecommendation/src/test/resources
2020-05-08 21:31:24,908 [Worker-47: Building] INFO  o.e.m.c.i.embedder.EclipseLogger - Using 'UTF-8' encoding to copy filtered resources.
2020-05-08 21:31:24,909 [Worker-47: Building] INFO  o.e.m.c.i.embedder.EclipseLogger - skip non existing resourceDirectory /Users/apple/Desktop/JobRecommendation/JobRecommendation/src/main/resources
2020-05-08 21:31:24,910 [Worker-47: Building] INFO  o.e.m.c.i.embedder.EclipseLogger - Using 'UTF-8' encoding to copy filtered resources.
2020-05-08 21:31:24,910 [Worker-47: Building] INFO  o.e.m.c.i.embedder.EclipseLogger - skip non existing resourceDirectory /Users/apple/Desktop/JobRecommendation/JobRecommendation/src/test/resources
2020-05-08 21:31:50,645 [Worker-52: Building] INFO  o.e.m.c.i.embedder.EclipseLogger - Using 'UTF-8' encoding to copy filtered resources.
2020-05-08 21:31:50,646 [Worker-52: Building] INFO  o.e.m.c.i.embedder.EclipseLogger - skip non existing resourceDirectory /Users/apple/Desktop/JobRecommendation/JobRecommendation/src/main/resources
2020-05-08 21:31:50,647 [Worker-52: Building] INFO  o.e.m.c.i.embedder.EclipseLogger - Using 'UTF-8' encoding to copy filtered resources.
2020-05-08 21:31:50,647 [Worker-52: Building] INFO  o.e.m.c.i.embedder.EclipseLogger - skip non existing resourceDirectory /Users/apple/Desktop/JobRecommendation/JobRecommendation/src/test/resources
2020-05-08 21:35:09,244 [Worker-48: Building] INFO  o.e.m.c.i.embedder.EclipseLogger - Using 'UTF-8' encoding to copy filtered resources.
2020-05-08 21:35:09,245 [Worker-48: Building] INFO  o.e.m.c.i.embedder.EclipseLogger - skip non existing resourceDirectory /Users/apple/Desktop/JobRecommendation/JobRecommendation/src/main/resources
2020-05-08 21:35:09,246 [Worker-48: Building] INFO  o.e.m.c.i.embedder.EclipseLogger - Using 'UTF-8' encoding to copy filtered resources.
2020-05-08 21:35:09,246 [Worker-48: Building] INFO  o.e.m.c.i.embedder.EclipseLogger - skip non existing resourceDirectory /Users/apple/Desktop/JobRecommendation/JobRecommendation/src/test/resources
2020-05-11 12:37:48,014 [Worker-316: Building] INFO  o.e.m.c.i.l.LifecycleMappingFactory - Using org.maven.ide.eclipse.wtp.WarLifecycleMapping lifecycle mapping for MavenProject: Mars:JobRecommendation:0.0.1-SNAPSHOT @ /Users/apple/Desktop/JobRecommendation/JobRecommendation/pom.xml.
2020-05-11 12:37:49,445 [Worker-316: Building] INFO  o.e.m.c.i.embedder.EclipseLogger - Using 'UTF-8' encoding to copy filtered resources.
2020-05-11 12:37:49,446 [Worker-316: Building] INFO  o.e.m.c.i.embedder.EclipseLogger - skip non existing resourceDirectory /Users/apple/Desktop/JobRecommendation/JobRecommendation/src/main/resources
2020-05-11 12:37:49,448 [Worker-316: Building] INFO  o.e.m.c.i.embedder.EclipseLogger - Using 'UTF-8' encoding to copy filtered resources.
2020-05-11 12:37:49,448 [Worker-316: Building] INFO  o.e.m.c.i.embedder.EclipseLogger - skip non existing resourceDirectory /Users/apple/Desktop/JobRecommendation/JobRecommendation/src/test/resources
2020-05-11 12:37:49,448 [Worker-316: Building] INFO  o.e.m.w.i.f.ResourceFilteringBuildParticipant - Changed resources require a complete clean of filtered resources of JobRecommendation
2020-05-11 12:37:49,448 [Worker-316: Building] INFO  o.e.m.w.i.f.ResourceFilteringBuildParticipant - Executing resource filtering for JobRecommendation
2020-05-11 12:37:49,453 [Worker-316: Building] INFO  o.e.m.c.i.embedder.EclipseLogger - Using 'UTF-8' encoding to copy filtered resources.
2020-05-11 12:37:49,840 [Worker-316: Building] INFO  o.e.m.c.i.embedder.EclipseLogger - Using 'UTF-8' encoding to copy filtered resources.
2020-05-11 12:37:49,840 [Worker-316: Building] INFO  o.e.m.c.i.embedder.EclipseLogger - skip non existing resourceDirectory /Users/apple/Desktop/JobRecommendation/JobRecommendation/src/main/resources
2020-05-11 12:37:49,842 [Worker-316: Building] INFO  o.e.m.c.i.embedder.EclipseLogger - Using 'UTF-8' encoding to copy filtered resources.
2020-05-11 12:37:49,842 [Worker-316: Building] INFO  o.e.m.c.i.embedder.EclipseLogger - skip non existing resourceDirectory /Users/apple/Desktop/JobRecommendation/JobRecommendation/src/test/resources
2020-05-11 12:37:57,360 [Worker-314: Launching Executing install in _Users_apple_Desktop_JobRecommendation_JobRecommendation] INFO  o.e.m.i.launch.MavenLaunchDelegate - /Users/apple/Desktop/JobRecommendation/JobRecommendation
2020-05-11 12:37:57,362 [Worker-314: Launching Executing install in _Users_apple_Desktop_JobRecommendation_JobRecommendation] INFO  o.e.m.i.launch.MavenLaunchDelegate -  mvn -B install
2020-05-11 12:38:03,049 [Worker-317: Building] INFO  o.e.m.c.i.embedder.EclipseLogger - Using 'UTF-8' encoding to copy filtered resources.
2020-05-11 12:38:03,049 [Worker-317: Building] INFO  o.e.m.c.i.embedder.EclipseLogger - skip non existing resourceDirectory /Users/apple/Desktop/JobRecommendation/JobRecommendation/src/main/resources
2020-05-11 12:38:03,052 [Worker-317: Building] INFO  o.e.m.c.i.embedder.EclipseLogger - Using 'UTF-8' encoding to copy filtered resources.
2020-05-11 12:38:03,052 [Worker-317: Building] INFO  o.e.m.c.i.embedder.EclipseLogger - skip non existing resourceDirectory /Users/apple/Desktop/JobRecommendation/JobRecommendation/src/test/resources
2020-05-11 12:42:13,911 [Worker-319: Building] INFO  o.e.m.c.i.embedder.EclipseLogger - Using 'UTF-8' encoding to copy filtered resources.
2020-05-11 12:42:13,911 [Worker-319: Building] INFO  o.e.m.c.i.embedder.EclipseLogger - skip non existing resourceDirectory /Users/apple/Desktop/JobRecommendation/JobRecommendation/src/main/resources
2020-05-11 12:42:13,912 [Worker-319: Building] INFO  o.e.m.c.i.embedder.EclipseLogger - Using 'UTF-8' encoding to copy filtered resources.
2020-05-11 12:42:13,912 [Worker-319: Building] INFO  o.e.m.c.i.embedder.EclipseLogger - skip non existing resourceDirectory /Users/apple/Desktop/JobRecommendation/JobRecommendation/src/test/resources
2020-05-11 13:04:00,320 [Worker-326: Building] INFO  o.e.m.c.i.embedder.EclipseLogger - Using 'UTF-8' encoding to copy filtered resources.
2020-05-11 13:04:00,320 [Worker-326: Building] INFO  o.e.m.c.i.embedder.EclipseLogger - skip non existing resourceDirectory /Users/apple/Desktop/JobRecommendation/JobRecommendation/src/main/resources
2020-05-11 13:04:00,322 [Worker-326: Building] INFO  o.e.m.c.i.embedder.EclipseLogger - Using 'UTF-8' encoding to copy filtered resources.
2020-05-11 13:04:00,322 [Worker-326: Building] INFO  o.e.m.c.i.embedder.EclipseLogger - skip non existing resourceDirectory /Users/apple/Desktop/JobRecommendation/JobRecommendation/src/test/resources
2020-05-11 13:13:19,000 [Worker-329: Building] INFO  o.e.m.c.i.embedder.EclipseLogger - Using 'UTF-8' encoding to copy filtered resources.
2020-05-11 13:13:19,000 [Worker-329: Building] INFO  o.e.m.c.i.embedder.EclipseLogger - skip non existing resourceDirectory /Users/apple/Desktop/JobRecommendation/JobRecommendation/src/main/resources
2020-05-11 13:13:19,003 [Worker-329: Building] INFO  o.e.m.c.i.embedder.EclipseLogger - Using 'UTF-8' encoding to copy filtered resources.
2020-05-11 13:13:19,003 [Worker-329: Building] INFO  o.e.m.c.i.embedder.EclipseLogger - skip non existing resourceDirectory /Users/apple/Desktop/JobRecommendation/JobRecommendation/src/test/resources
2020-05-11 15:43:08,760 [Worker-347: Building] INFO  o.e.m.c.i.embedder.EclipseLogger - Using 'UTF-8' encoding to copy filtered resources.
2020-05-11 15:43:08,761 [Worker-347: Building] INFO  o.e.m.c.i.embedder.EclipseLogger - skip non existing resourceDirectory /Users/apple/Desktop/JobRecommendation/JobRecommendation/src/main/resources
2020-05-11 15:43:08,763 [Worker-347: Building] INFO  o.e.m.c.i.embedder.EclipseLogger - Using 'UTF-8' encoding to copy filtered resources.
2020-05-11 15:43:08,763 [Worker-347: Building] INFO  o.e.m.c.i.embedder.EclipseLogger - skip non existing resourceDirectory /Users/apple/Desktop/JobRecommendation/JobRecommendation/src/test/resources
2020-05-11 16:07:12,903 [Worker-357: Building] INFO  o.e.m.c.i.embedder.EclipseLogger - Using 'UTF-8' encoding to copy filtered resources.
2020-05-11 16:07:12,903 [Worker-357: Building] INFO  o.e.m.c.i.embedder.EclipseLogger - skip non existing resourceDirectory /Users/apple/Desktop/JobRecommendation/JobRecommendation/src/main/resources
2020-05-11 16:07:12,905 [Worker-357: Building] INFO  o.e.m.c.i.embedder.EclipseLogger - Using 'UTF-8' encoding to copy filtered resources.
2020-05-11 16:07:12,905 [Worker-357: Building] INFO  o.e.m.c.i.embedder.EclipseLogger - skip non existing resourceDirectory /Users/apple/Desktop/JobRecommendation/JobRecommendation/src/test/resources
2020-05-12 14:08:43,915 [Worker-11: Loading available Gradle versions] INFO  o.e.b.c.i.u.g.PublishedGradleVersions - Gradle version information cache is out-of-date. Trying to update.
2020-05-12 14:08:47,377 [Worker-7: Building] INFO  o.e.m.c.i.embedder.EclipseLogger - Using 'UTF-8' encoding to copy filtered resources.
2020-05-12 14:08:47,399 [Worker-7: Building] INFO  o.e.m.c.i.embedder.EclipseLogger - skip non existing resourceDirectory /Users/apple/Desktop/JobRecommendation/JobRecommendation/src/main/resources
2020-05-12 14:08:47,402 [Worker-7: Building] INFO  o.e.m.c.i.embedder.EclipseLogger - Using 'UTF-8' encoding to copy filtered resources.
2020-05-12 14:08:47,403 [Worker-7: Building] INFO  o.e.m.c.i.embedder.EclipseLogger - skip non existing resourceDirectory /Users/apple/Desktop/JobRecommendation/JobRecommendation/src/test/resources
2020-05-12 14:11:29,811 [Worker-11: Loading available Gradle versions] INFO  o.e.b.c.i.u.g.PublishedGradleVersions - Gradle version information cache is up-to-date. Trying to read.
2020-05-12 14:11:32,916 [Worker-2: Building] INFO  o.e.m.c.i.embedder.EclipseLogger - Using 'UTF-8' encoding to copy filtered resources.
2020-05-12 14:11:32,947 [Worker-2: Building] INFO  o.e.m.c.i.embedder.EclipseLogger - skip non existing resourceDirectory /Users/apple/Desktop/JobRecommendation/JobRecommendation/src/main/resources
2020-05-12 14:11:32,951 [Worker-2: Building] INFO  o.e.m.c.i.embedder.EclipseLogger - Using 'UTF-8' encoding to copy filtered resources.
2020-05-12 14:11:32,951 [Worker-2: Building] INFO  o.e.m.c.i.embedder.EclipseLogger - skip non existing resourceDirectory /Users/apple/Desktop/JobRecommendation/JobRecommendation/src/test/resources
2020-05-12 14:11:36,113 [Worker-20: Building] INFO  o.e.m.c.i.l.LifecycleMappingFactory - Using org.maven.ide.eclipse.wtp.WarLifecycleMapping lifecycle mapping for MavenProject: Mars:JobRecommendation:0.0.1-SNAPSHOT @ /Users/apple/Desktop/JobRecommendation/JobRecommendation/pom.xml.
2020-05-12 14:11:37,254 [Worker-20: Building] INFO  o.e.m.c.i.embedder.EclipseLogger - Using 'UTF-8' encoding to copy filtered resources.
2020-05-12 14:11:37,254 [Worker-20: Building] INFO  o.e.m.c.i.embedder.EclipseLogger - skip non existing resourceDirectory /Users/apple/Desktop/JobRecommendation/JobRecommendation/src/main/resources
2020-05-12 14:11:37,257 [Worker-20: Building] INFO  o.e.m.c.i.embedder.EclipseLogger - Using 'UTF-8' encoding to copy filtered resources.
2020-05-12 14:11:37,257 [Worker-20: Building] INFO  o.e.m.c.i.embedder.EclipseLogger - skip non existing resourceDirectory /Users/apple/Desktop/JobRecommendation/JobRecommendation/src/test/resources
2020-05-12 14:11:37,260 [Worker-20: Building] INFO  o.e.m.w.i.f.ResourceFilteringBuildParticipant - Changed resources require a complete clean of filtered resources of JobRecommendation
2020-05-12 14:11:37,261 [Worker-20: Building] INFO  o.e.m.w.i.f.ResourceFilteringBuildParticipant - Executing resource filtering for JobRecommendation
2020-05-12 14:11:37,273 [Worker-20: Building] INFO  o.e.m.c.i.embedder.EclipseLogger - Using 'UTF-8' encoding to copy filtered resources.
2020-05-12 14:11:38,063 [Worker-11: Building] INFO  o.e.m.c.i.embedder.EclipseLogger - Using 'UTF-8' encoding to copy filtered resources.
2020-05-12 14:11:38,063 [Worker-11: Building] INFO  o.e.m.c.i.embedder.EclipseLogger - skip non existing resourceDirectory /Users/apple/Desktop/JobRecommendation/JobRecommendation/src/main/resources
2020-05-12 14:11:38,065 [Worker-11: Building] INFO  o.e.m.c.i.embedder.EclipseLogger - Using 'UTF-8' encoding to copy filtered resources.
2020-05-12 14:11:38,066 [Worker-11: Building] INFO  o.e.m.c.i.embedder.EclipseLogger - skip non existing resourceDirectory /Users/apple/Desktop/JobRecommendation/JobRecommendation/src/test/resources
2020-05-12 14:11:44,698 [Worker-4: Building] INFO  o.e.m.c.i.embedder.EclipseLogger - Using 'UTF-8' encoding to copy filtered resources.
2020-05-12 14:11:44,698 [Worker-4: Building] INFO  o.e.m.c.i.embedder.EclipseLogger - skip non existing resourceDirectory /Users/apple/Desktop/JobRecommendation/JobRecommendation/src/main/resources
2020-05-12 14:11:44,702 [Worker-4: Building] INFO  o.e.m.c.i.embedder.EclipseLogger - Using 'UTF-8' encoding to copy filtered resources.
2020-05-12 14:11:44,702 [Worker-4: Building] INFO  o.e.m.c.i.embedder.EclipseLogger - skip non existing resourceDirectory /Users/apple/Desktop/JobRecommendation/JobRecommendation/src/test/resources
2020-05-12 14:12:27,796 [Worker-23: Building] INFO  o.e.m.c.i.embedder.EclipseLogger - Using 'UTF-8' encoding to copy filtered resources.
2020-05-12 14:12:27,796 [Worker-23: Building] INFO  o.e.m.c.i.embedder.EclipseLogger - skip non existing resourceDirectory /Users/apple/Desktop/JobRecommendation/JobRecommendation/src/main/resources
2020-05-12 14:12:27,799 [Worker-23: Building] INFO  o.e.m.c.i.embedder.EclipseLogger - Using 'UTF-8' encoding to copy filtered resources.
2020-05-12 14:12:27,799 [Worker-23: Building] INFO  o.e.m.c.i.embedder.EclipseLogger - skip non existing resourceDirectory /Users/apple/Desktop/JobRecommendation/JobRecommendation/src/test/resources
2020-05-12 14:14:17,494 [Worker-7: Building] INFO  o.e.m.c.i.embedder.EclipseLogger - Using 'UTF-8' encoding to copy filtered resources.
2020-05-12 14:14:17,495 [Worker-7: Building] INFO  o.e.m.c.i.embedder.EclipseLogger - skip non existing resourceDirectory /Users/apple/Desktop/JobRecommendation/JobRecommendation/src/main/resources
2020-05-12 14:14:17,497 [Worker-7: Building] INFO  o.e.m.c.i.embedder.EclipseLogger - Using 'UTF-8' encoding to copy filtered resources.
2020-05-12 14:14:17,497 [Worker-7: Building] INFO  o.e.m.c.i.embedder.EclipseLogger - skip non existing resourceDirectory /Users/apple/Desktop/JobRecommendation/JobRecommendation/src/test/resources
2020-05-12 14:20:15,298 [Worker-25: Building] INFO  o.e.m.c.i.embedder.EclipseLogger - Using 'UTF-8' encoding to copy filtered resources.
2020-05-12 14:20:15,298 [Worker-25: Building] INFO  o.e.m.c.i.embedder.EclipseLogger - skip non existing resourceDirectory /Users/apple/Desktop/JobRecommendation/JobRecommendation/src/main/resources
2020-05-12 14:20:15,302 [Worker-25: Building] INFO  o.e.m.c.i.embedder.EclipseLogger - Using 'UTF-8' encoding to copy filtered resources.
2020-05-12 14:20:15,302 [Worker-25: Building] INFO  o.e.m.c.i.embedder.EclipseLogger - skip non existing resourceDirectory /Users/apple/Desktop/JobRecommendation/JobRecommendation/src/test/resources
2020-05-12 14:39:36,861 [Worker-39: Building] INFO  o.e.m.c.i.embedder.EclipseLogger - Using 'UTF-8' encoding to copy filtered resources.
2020-05-12 14:39:36,862 [Worker-39: Building] INFO  o.e.m.c.i.embedder.EclipseLogger - skip non existing resourceDirectory /Users/apple/Desktop/JobRecommendation/JobRecommendation/src/main/resources
2020-05-12 14:39:36,863 [Worker-39: Building] INFO  o.e.m.c.i.embedder.EclipseLogger - Using 'UTF-8' encoding to copy filtered resources.
2020-05-12 14:39:36,864 [Worker-39: Building] INFO  o.e.m.c.i.embedder.EclipseLogger - skip non existing resourceDirectory /Users/apple/Desktop/JobRecommendation/JobRecommendation/src/test/resources
2020-05-12 14:48:05,115 [Worker-38: Building] INFO  o.e.m.c.i.embedder.EclipseLogger - Using 'UTF-8' encoding to copy filtered resources.
2020-05-12 14:48:05,118 [Worker-38: Building] INFO  o.e.m.c.i.embedder.EclipseLogger - skip non existing resourceDirectory /Users/apple/Desktop/JobRecommendation/JobRecommendation/src/main/resources
2020-05-12 14:48:05,120 [Worker-38: Building] INFO  o.e.m.c.i.embedder.EclipseLogger - Using 'UTF-8' encoding to copy filtered resources.
2020-05-12 14:48:05,120 [Worker-38: Building] INFO  o.e.m.c.i.embedder.EclipseLogger - skip non existing resourceDirectory /Users/apple/Desktop/JobRecommendation/JobRecommendation/src/test/resources
2020-05-12 14:49:12,937 [Worker-43: Building] INFO  o.e.m.c.i.embedder.EclipseLogger - Using 'UTF-8' encoding to copy filtered resources.
2020-05-12 14:49:12,937 [Worker-43: Building] INFO  o.e.m.c.i.embedder.EclipseLogger - skip non existing resourceDirectory /Users/apple/Desktop/JobRecommendation/JobRecommendation/src/main/resources
2020-05-12 14:49:12,939 [Worker-43: Building] INFO  o.e.m.c.i.embedder.EclipseLogger - Using 'UTF-8' encoding to copy filtered resources.
2020-05-12 14:49:12,939 [Worker-43: Building] INFO  o.e.m.c.i.embedder.EclipseLogger - skip non existing resourceDirectory /Users/apple/Desktop/JobRecommendation/JobRecommendation/src/test/resources
2020-05-12 14:53:29,160 [Worker-48: Building] INFO  o.e.m.c.i.embedder.EclipseLogger - Using 'UTF-8' encoding to copy filtered resources.
2020-05-12 14:53:29,160 [Worker-48: Building] INFO  o.e.m.c.i.embedder.EclipseLogger - skip non existing resourceDirectory /Users/apple/Desktop/JobRecommendation/JobRecommendation/src/main/resources
2020-05-12 14:53:29,161 [Worker-48: Building] INFO  o.e.m.c.i.embedder.EclipseLogger - Using 'UTF-8' encoding to copy filtered resources.
2020-05-12 14:53:29,161 [Worker-48: Building] INFO  o.e.m.c.i.embedder.EclipseLogger - skip non existing resourceDirectory /Users/apple/Desktop/JobRecommendation/JobRecommendation/src/test/resources
2020-05-12 14:53:42,222 [Worker-45: Building] INFO  o.e.m.c.i.embedder.EclipseLogger - Using 'UTF-8' encoding to copy filtered resources.
2020-05-12 14:53:42,222 [Worker-45: Building] INFO  o.e.m.c.i.embedder.EclipseLogger - skip non existing resourceDirectory /Users/apple/Desktop/JobRecommendation/JobRecommendation/src/main/resources
2020-05-12 14:53:42,224 [Worker-45: Building] INFO  o.e.m.c.i.embedder.EclipseLogger - Using 'UTF-8' encoding to copy filtered resources.
2020-05-12 14:53:42,224 [Worker-45: Building] INFO  o.e.m.c.i.embedder.EclipseLogger - skip non existing resourceDirectory /Users/apple/Desktop/JobRecommendation/JobRecommendation/src/test/resources
2020-05-12 15:00:38,974 [Worker-40: Building] INFO  o.e.m.c.i.embedder.EclipseLogger - Using 'UTF-8' encoding to copy filtered resources.
2020-05-12 15:00:38,975 [Worker-40: Building] INFO  o.e.m.c.i.embedder.EclipseLogger - skip non existing resourceDirectory /Users/apple/Desktop/JobRecommendation/JobRecommendation/src/main/resources
2020-05-12 15:00:38,976 [Worker-40: Building] INFO  o.e.m.c.i.embedder.EclipseLogger - Using 'UTF-8' encoding to copy filtered resources.
2020-05-12 15:00:38,976 [Worker-40: Building] INFO  o.e.m.c.i.embedder.EclipseLogger - skip non existing resourceDirectory /Users/apple/Desktop/JobRecommendation/JobRecommendation/src/test/resources
2020-05-12 15:02:35,749 [Worker-38: Building] INFO  o.e.m.c.i.embedder.EclipseLogger - Using 'UTF-8' encoding to copy filtered resources.
2020-05-12 15:02:35,750 [Worker-38: Building] INFO  o.e.m.c.i.embedder.EclipseLogger - skip non existing resourceDirectory /Users/apple/Desktop/JobRecommendation/JobRecommendation/src/main/resources
2020-05-12 15:02:35,752 [Worker-38: Building] INFO  o.e.m.c.i.embedder.EclipseLogger - Using 'UTF-8' encoding to copy filtered resources.
2020-05-12 15:02:35,752 [Worker-38: Building] INFO  o.e.m.c.i.embedder.EclipseLogger - skip non existing resourceDirectory /Users/apple/Desktop/JobRecommendation/JobRecommendation/src/test/resources
2020-05-12 15:04:06,846 [Worker-38: Building] INFO  o.e.m.c.i.embedder.EclipseLogger - Using 'UTF-8' encoding to copy filtered resources.
2020-05-12 15:04:06,847 [Worker-38: Building] INFO  o.e.m.c.i.embedder.EclipseLogger - skip non existing resourceDirectory /Users/apple/Desktop/JobRecommendation/JobRecommendation/src/main/resources
2020-05-12 15:04:06,851 [Worker-38: Building] INFO  o.e.m.c.i.embedder.EclipseLogger - Using 'UTF-8' encoding to copy filtered resources.
2020-05-12 15:04:06,851 [Worker-38: Building] INFO  o.e.m.c.i.embedder.EclipseLogger - skip non existing resourceDirectory /Users/apple/Desktop/JobRecommendation/JobRecommendation/src/test/resources
2020-05-12 15:04:21,263 [Worker-38: Building] INFO  o.e.m.c.i.embedder.EclipseLogger - Using 'UTF-8' encoding to copy filtered resources.
2020-05-12 15:04:21,263 [Worker-38: Building] INFO  o.e.m.c.i.embedder.EclipseLogger - skip non existing resourceDirectory /Users/apple/Desktop/JobRecommendation/JobRecommendation/src/main/resources
2020-05-12 15:04:21,264 [Worker-38: Building] INFO  o.e.m.c.i.embedder.EclipseLogger - Using 'UTF-8' encoding to copy filtered resources.
2020-05-12 15:04:21,264 [Worker-38: Building] INFO  o.e.m.c.i.embedder.EclipseLogger - skip non existing resourceDirectory /Users/apple/Desktop/JobRecommendation/JobRecommendation/src/test/resources
2020-05-12 15:04:23,302 [Worker-43: Building] INFO  o.e.m.c.i.embedder.EclipseLogger - Using 'UTF-8' encoding to copy filtered resources.
2020-05-12 15:04:23,302 [Worker-43: Building] INFO  o.e.m.c.i.embedder.EclipseLogger - skip non existing resourceDirectory /Users/apple/Desktop/JobRecommendation/JobRecommendation/src/main/resources
2020-05-12 15:04:23,304 [Worker-43: Building] INFO  o.e.m.c.i.embedder.EclipseLogger - Using 'UTF-8' encoding to copy filtered resources.
2020-05-12 15:04:23,304 [Worker-43: Building] INFO  o.e.m.c.i.embedder.EclipseLogger - skip non existing resourceDirectory /Users/apple/Desktop/JobRecommendation/JobRecommendation/src/test/resources
2020-05-12 15:09:23,572 [Worker-38: Building] INFO  o.e.m.c.i.embedder.EclipseLogger - Using 'UTF-8' encoding to copy filtered resources.
2020-05-12 15:09:23,573 [Worker-38: Building] INFO  o.e.m.c.i.embedder.EclipseLogger - skip non existing resourceDirectory /Users/apple/Desktop/JobRecommendation/JobRecommendation/src/main/resources
2020-05-12 15:09:23,574 [Worker-38: Building] INFO  o.e.m.c.i.embedder.EclipseLogger - Using 'UTF-8' encoding to copy filtered resources.
2020-05-12 15:09:23,574 [Worker-38: Building] INFO  o.e.m.c.i.embedder.EclipseLogger - skip non existing resourceDirectory /Users/apple/Desktop/JobRecommendation/JobRecommendation/src/test/resources
2020-05-12 15:12:32,202 [Worker-51: Building] INFO  o.e.m.c.i.embedder.EclipseLogger - Using 'UTF-8' encoding to copy filtered resources.
2020-05-12 15:12:32,202 [Worker-51: Building] INFO  o.e.m.c.i.embedder.EclipseLogger - skip non existing resourceDirectory /Users/apple/Desktop/JobRecommendation/JobRecommendation/src/main/resources
2020-05-12 15:12:32,203 [Worker-51: Building] INFO  o.e.m.c.i.embedder.EclipseLogger - Using 'UTF-8' encoding to copy filtered resources.
2020-05-12 15:12:32,204 [Worker-51: Building] INFO  o.e.m.c.i.embedder.EclipseLogger - skip non existing resourceDirectory /Users/apple/Desktop/JobRecommendation/JobRecommendation/src/test/resources
2020-05-12 15:14:30,162 [Worker-46: Building] INFO  o.e.m.c.i.embedder.EclipseLogger - Using 'UTF-8' encoding to copy filtered resources.
2020-05-12 15:14:30,163 [Worker-46: Building] INFO  o.e.m.c.i.embedder.EclipseLogger - skip non existing resourceDirectory /Users/apple/Desktop/JobRecommendation/JobRecommendation/src/main/resources
2020-05-12 15:14:30,165 [Worker-46: Building] INFO  o.e.m.c.i.embedder.EclipseLogger - Using 'UTF-8' encoding to copy filtered resources.
2020-05-12 15:14:30,166 [Worker-46: Building] INFO  o.e.m.c.i.embedder.EclipseLogger - skip non existing resourceDirectory /Users/apple/Desktop/JobRecommendation/JobRecommendation/src/test/resources
2020-05-12 15:14:53,158 [Worker-51: Building] INFO  o.e.m.c.i.embedder.EclipseLogger - Using 'UTF-8' encoding to copy filtered resources.
2020-05-12 15:14:53,159 [Worker-51: Building] INFO  o.e.m.c.i.embedder.EclipseLogger - skip non existing resourceDirectory /Users/apple/Desktop/JobRecommendation/JobRecommendation/src/main/resources
2020-05-12 15:14:53,160 [Worker-51: Building] INFO  o.e.m.c.i.embedder.EclipseLogger - Using 'UTF-8' encoding to copy filtered resources.
2020-05-12 15:14:53,160 [Worker-51: Building] INFO  o.e.m.c.i.embedder.EclipseLogger - skip non existing resourceDirectory /Users/apple/Desktop/JobRecommendation/JobRecommendation/src/test/resources
2020-05-12 15:16:58,433 [Worker-46: Building] INFO  o.e.m.c.i.embedder.EclipseLogger - Using 'UTF-8' encoding to copy filtered resources.
2020-05-12 15:16:58,434 [Worker-46: Building] INFO  o.e.m.c.i.embedder.EclipseLogger - skip non existing resourceDirectory /Users/apple/Desktop/JobRecommendation/JobRecommendation/src/main/resources
2020-05-12 15:16:58,435 [Worker-46: Building] INFO  o.e.m.c.i.embedder.EclipseLogger - Using 'UTF-8' encoding to copy filtered resources.
2020-05-12 15:16:58,435 [Worker-46: Building] INFO  o.e.m.c.i.embedder.EclipseLogger - skip non existing resourceDirectory /Users/apple/Desktop/JobRecommendation/JobRecommendation/src/test/resources
2020-05-12 15:19:11,722 [Worker-40: Building] INFO  o.e.m.c.i.embedder.EclipseLogger - Using 'UTF-8' encoding to copy filtered resources.
2020-05-12 15:19:11,722 [Worker-40: Building] INFO  o.e.m.c.i.embedder.EclipseLogger - skip non existing resourceDirectory /Users/apple/Desktop/JobRecommendation/JobRecommendation/src/main/resources
2020-05-12 15:19:11,724 [Worker-40: Building] INFO  o.e.m.c.i.embedder.EclipseLogger - Using 'UTF-8' encoding to copy filtered resources.
2020-05-12 15:19:11,725 [Worker-40: Building] INFO  o.e.m.c.i.embedder.EclipseLogger - skip non existing resourceDirectory /Users/apple/Desktop/JobRecommendation/JobRecommendation/src/test/resources
2020-05-12 15:19:31,099 [Worker-40: Building] INFO  o.e.m.c.i.embedder.EclipseLogger - Using 'UTF-8' encoding to copy filtered resources.
2020-05-12 15:19:31,099 [Worker-40: Building] INFO  o.e.m.c.i.embedder.EclipseLogger - skip non existing resourceDirectory /Users/apple/Desktop/JobRecommendation/JobRecommendation/src/main/resources
2020-05-12 15:19:31,100 [Worker-40: Building] INFO  o.e.m.c.i.embedder.EclipseLogger - Using 'UTF-8' encoding to copy filtered resources.
2020-05-12 15:19:31,100 [Worker-40: Building] INFO  o.e.m.c.i.embedder.EclipseLogger - skip non existing resourceDirectory /Users/apple/Desktop/JobRecommendation/JobRecommendation/src/test/resources
2020-05-12 15:19:34,478 [Worker-51: Building] INFO  o.e.m.c.i.embedder.EclipseLogger - Using 'UTF-8' encoding to copy filtered resources.
2020-05-12 15:19:34,478 [Worker-51: Building] INFO  o.e.m.c.i.embedder.EclipseLogger - skip non existing resourceDirectory /Users/apple/Desktop/JobRecommendation/JobRecommendation/src/main/resources
2020-05-12 15:19:34,481 [Worker-51: Building] INFO  o.e.m.c.i.embedder.EclipseLogger - Using 'UTF-8' encoding to copy filtered resources.
2020-05-12 15:19:34,481 [Worker-51: Building] INFO  o.e.m.c.i.embedder.EclipseLogger - skip non existing resourceDirectory /Users/apple/Desktop/JobRecommendation/JobRecommendation/src/test/resources
2020-05-13 16:23:33,541 [Worker-7: Loading available Gradle versions] INFO  o.e.b.c.i.u.g.PublishedGradleVersions - Gradle version information cache is up-to-date. Trying to read.
2020-05-13 16:23:36,482 [Worker-4: Building] INFO  o.e.m.c.i.embedder.EclipseLogger - Using 'UTF-8' encoding to copy filtered resources.
2020-05-13 16:23:36,483 [Worker-4: Building] INFO  o.e.m.c.i.embedder.EclipseLogger - skip non existing resourceDirectory /Users/apple/Desktop/JobRecommendation/JobRecommendation/src/main/resources
2020-05-13 16:23:36,486 [Worker-4: Building] INFO  o.e.m.c.i.embedder.EclipseLogger - Using 'UTF-8' encoding to copy filtered resources.
2020-05-13 16:23:36,487 [Worker-4: Building] INFO  o.e.m.c.i.embedder.EclipseLogger - skip non existing resourceDirectory /Users/apple/Desktop/JobRecommendation/JobRecommendation/src/test/resources
2020-05-13 16:25:18,614 [Worker-2: Building] INFO  o.e.m.c.i.l.LifecycleMappingFactory - Using org.maven.ide.eclipse.wtp.WarLifecycleMapping lifecycle mapping for MavenProject: Mars:JobRecommendation:0.0.1-SNAPSHOT @ /Users/apple/Desktop/JobRecommendation/JobRecommendation/pom.xml.
2020-05-13 16:25:20,621 [Worker-2: Building] INFO  o.e.m.c.i.embedder.EclipseLogger - Using 'UTF-8' encoding to copy filtered resources.
2020-05-13 16:25:20,622 [Worker-2: Building] INFO  o.e.m.c.i.embedder.EclipseLogger - skip non existing resourceDirectory /Users/apple/Desktop/JobRecommendation/JobRecommendation/src/main/resources
2020-05-13 16:25:20,624 [Worker-2: Building] INFO  o.e.m.c.i.embedder.EclipseLogger - Using 'UTF-8' encoding to copy filtered resources.
2020-05-13 16:25:20,624 [Worker-2: Building] INFO  o.e.m.c.i.embedder.EclipseLogger - skip non existing resourceDirectory /Users/apple/Desktop/JobRecommendation/JobRecommendation/src/test/resources
2020-05-13 16:25:20,648 [Worker-2: Building] INFO  o.e.m.w.i.f.ResourceFilteringBuildParticipant - Changed resources require a complete clean of filtered resources of JobRecommendation
2020-05-13 16:25:20,654 [Worker-2: Building] INFO  o.e.m.w.i.f.ResourceFilteringBuildParticipant - Executing resource filtering for JobRecommendation
2020-05-13 16:25:20,674 [Worker-2: Building] INFO  o.e.m.c.i.embedder.EclipseLogger - Using 'UTF-8' encoding to copy filtered resources.
2020-05-13 16:25:22,597 [Worker-2: Building] INFO  o.e.m.c.i.embedder.EclipseLogger - Using 'UTF-8' encoding to copy filtered resources.
2020-05-13 16:25:22,597 [Worker-2: Building] INFO  o.e.m.c.i.embedder.EclipseLogger - skip non existing resourceDirectory /Users/apple/Desktop/JobRecommendation/JobRecommendation/src/main/resources
2020-05-13 16:25:22,599 [Worker-2: Building] INFO  o.e.m.c.i.embedder.EclipseLogger - Using 'UTF-8' encoding to copy filtered resources.
2020-05-13 16:25:22,622 [Worker-2: Building] INFO  o.e.m.c.i.embedder.EclipseLogger - skip non existing resourceDirectory /Users/apple/Desktop/JobRecommendation/JobRecommendation/src/test/resources
2020-05-13 16:25:59,243 [Worker-10: Building] INFO  o.e.m.c.i.embedder.EclipseLogger - Using 'UTF-8' encoding to copy filtered resources.
2020-05-13 16:25:59,245 [Worker-10: Building] INFO  o.e.m.c.i.embedder.EclipseLogger - skip non existing resourceDirectory /Users/apple/Desktop/JobRecommendation/JobRecommendation/src/main/resources
2020-05-13 16:25:59,246 [Worker-10: Building] INFO  o.e.m.c.i.embedder.EclipseLogger - Using 'UTF-8' encoding to copy filtered resources.
2020-05-13 16:25:59,246 [Worker-10: Building] INFO  o.e.m.c.i.embedder.EclipseLogger - skip non existing resourceDirectory /Users/apple/Desktop/JobRecommendation/JobRecommendation/src/test/resources
2020-05-13 16:26:11,316 [Worker-16: Building] INFO  o.e.m.c.i.embedder.EclipseLogger - Using 'UTF-8' encoding to copy filtered resources.
2020-05-13 16:26:11,317 [Worker-16: Building] INFO  o.e.m.c.i.embedder.EclipseLogger - skip non existing resourceDirectory /Users/apple/Desktop/JobRecommendation/JobRecommendation/src/main/resources
2020-05-13 16:26:11,319 [Worker-16: Building] INFO  o.e.m.c.i.embedder.EclipseLogger - Using 'UTF-8' encoding to copy filtered resources.
2020-05-13 16:26:11,319 [Worker-16: Building] INFO  o.e.m.c.i.embedder.EclipseLogger - skip non existing resourceDirectory /Users/apple/Desktop/JobRecommendation/JobRecommendation/src/test/resources
